<?xml version="1.0" encoding="UTF-8"?>
<!-- Generated by org.testng.reporters.JUnitXMLReporter -->
<testsuite ignored="0" hostname="Gaurav" failures="0" tests="3" name="Test" time="62.586" errors="0" timestamp="2021-08-20T18:04:30 IST">
  <testcase classname="com.practo.testClasses.PractoTests" name="listOfhospitals" time="33.076"/>
  <testcase classname="com.practo.testClasses.PractoTests" name="getTopCities" time="11.208"/>
  <testcase classname="com.practo.testClasses.PractoTests" name="fillForm" time="15.157"/>
</testsuite> <!-- Test -->
