<?xml version="1.0" encoding="UTF-8"?>
<testng-results ignored="0" total="3" passed="3" failed="0" skipped="0">
  <reporter-output>
  </reporter-output>
  <suite started-at="2021-08-20T18:03:28 IST" name="Suite" finished-at="2021-08-20T18:04:30 IST" duration-ms="62586">
    <groups>
    </groups>
    <test started-at="2021-08-20T18:03:28 IST" name="Test" finished-at="2021-08-20T18:04:30 IST" duration-ms="62586">
      <class name="com.practo.testClasses.PractoTests">
        <test-method signature="listOfhospitals()[pri:0, instance:com.practo.testClasses.PractoTests@d23e042]" started-at="2021-08-20T18:03:28 IST" name="listOfhospitals" finished-at="2021-08-20T18:04:01 IST" duration-ms="33076" status="PASS">
          <reporter-output>
          </reporter-output>
        </test-method> <!-- listOfhospitals -->
        <test-method is-config="true" signature="flushReports()[pri:0, instance:com.practo.testClasses.PractoTests@d23e042]" started-at="2021-08-20T18:04:01 IST" name="flushReports" finished-at="2021-08-20T18:04:02 IST" duration-ms="929" status="PASS">
          <reporter-output>
          </reporter-output>
        </test-method> <!-- flushReports -->
        <test-method signature="getTopCities()[pri:1, instance:com.practo.testClasses.PractoTests@d23e042]" started-at="2021-08-20T18:04:02 IST" name="getTopCities" finished-at="2021-08-20T18:04:13 IST" duration-ms="11208" status="PASS">
          <reporter-output>
          </reporter-output>
        </test-method> <!-- getTopCities -->
        <test-method is-config="true" signature="flushReports()[pri:0, instance:com.practo.testClasses.PractoTests@d23e042]" started-at="2021-08-20T18:04:13 IST" name="flushReports" finished-at="2021-08-20T18:04:13 IST" duration-ms="484" status="PASS">
          <reporter-output>
          </reporter-output>
        </test-method> <!-- flushReports -->
        <test-method signature="fillForm(java.util.Hashtable)[pri:2, instance:com.practo.testClasses.PractoTests@d23e042]" started-at="2021-08-20T18:04:15 IST" name="fillForm" data-provider="getData" finished-at="2021-08-20T18:04:30 IST" duration-ms="15157" status="PASS">
          <params>
            <param index="0">
              <value>
                <![CDATA[{Contact_no=7739951185, Organisation_name=lim.pvt, Name=Rahul, Organisation_size=<=500, Email_id=lim, Comment=Invalid Email_id}]]>
              </value>
            </param>
          </params>
          <reporter-output>
          </reporter-output>
        </test-method> <!-- fillForm -->
        <test-method is-config="true" signature="flushReports()[pri:0, instance:com.practo.testClasses.PractoTests@d23e042]" started-at="2021-08-20T18:04:30 IST" name="flushReports" finished-at="2021-08-20T18:04:30 IST" duration-ms="429" status="PASS">
          <reporter-output>
          </reporter-output>
        </test-method> <!-- flushReports -->
      </class> <!-- com.practo.testClasses.PractoTests -->
    </test> <!-- Test -->
  </suite> <!-- Suite -->
</testng-results>
